2021-12-31 13:34:18.328  INFO 3524 --- [main] com.example.agriweb.AgriwebApplication   : Starting AgriwebApplication using Java 11.0.9.1 on Bohemian with PID 3524 (D:\PROJET ING5\PROJET ISI\agriweb\agriweb\target\classes started by DELL in D:\PROJET ING5\PROJET ISI\agriweb\agriweb)
2021-12-31 13:34:18.333  INFO 3524 --- [main] com.example.agriweb.AgriwebApplication   : No active profile set, falling back to default profiles: default
2021-12-31 13:34:19.473  INFO 3524 --- [main] .s.d.r.c.RepositoryConfigurationDelegate : Bootstrapping Spring Data JPA repositories in DEFAULT mode.
2021-12-31 13:34:19.528  INFO 3524 --- [main] .s.d.r.c.RepositoryConfigurationDelegate : Finished Spring Data repository scanning in 50 ms. Found 2 JPA repository interfaces.
2021-12-31 13:34:20.122  INFO 3524 --- [main] o.s.b.w.embedded.tomcat.TomcatWebServer  : Tomcat initialized with port(s): 8091 (http)
2021-12-31 13:34:20.137  INFO 3524 --- [main] o.apache.catalina.core.StandardService   : Starting service [Tomcat]
2021-12-31 13:34:20.137  INFO 3524 --- [main] org.apache.catalina.core.StandardEngine  : Starting Servlet engine: [Apache Tomcat/9.0.55]
2021-12-31 13:34:20.282  INFO 3524 --- [main] o.a.c.c.C.[Tomcat].[localhost].[/]       : Initializing Spring embedded WebApplicationContext
2021-12-31 13:34:20.282  INFO 3524 --- [main] w.s.c.ServletWebServerApplicationContext : Root WebApplicationContext: initialization completed in 1854 ms
2021-12-31 13:34:20.477  INFO 3524 --- [main] o.hibernate.jpa.internal.util.LogHelper  : HHH000204: Processing PersistenceUnitInfo [name: default]
2021-12-31 13:34:20.512  INFO 3524 --- [main] org.hibernate.Version                    : HHH000412: Hibernate ORM core version 5.6.1.Final
2021-12-31 13:34:20.617  INFO 3524 --- [main] o.hibernate.annotations.common.Version   : HCANN000001: Hibernate Commons Annotations {5.1.2.Final}
2021-12-31 13:34:20.687  INFO 3524 --- [main] com.zaxxer.hikari.HikariDataSource       : HikariPool-1 - Starting...
2021-12-31 13:34:20.802  INFO 3524 --- [main] com.zaxxer.hikari.HikariDataSource       : HikariPool-1 - Start completed.
2021-12-31 13:34:20.812  INFO 3524 --- [main] org.hibernate.dialect.Dialect            : HHH000400: Using dialect: org.hibernate.dialect.MySQL5InnoDBDialect
2021-12-31 13:34:21.311  INFO 3524 --- [main] o.h.e.t.j.p.i.JtaPlatformInitiator       : HHH000490: Using JtaPlatform implementation: [org.hibernate.engine.transaction.jta.platform.internal.NoJtaPlatform]
2021-12-31 13:34:21.321  INFO 3524 --- [main] j.LocalContainerEntityManagerFactoryBean : Initialized JPA EntityManagerFactory for persistence unit 'default'
2021-12-31 13:34:21.735  WARN 3524 --- [main] JpaBaseConfiguration$JpaWebConfiguration : spring.jpa.open-in-view is enabled by default. Therefore, database queries may be performed during view rendering. Explicitly configure spring.jpa.open-in-view to disable this warning
2021-12-31 13:34:21.865  INFO 3524 --- [main] o.s.s.web.DefaultSecurityFilterChain     : Will secure Ant [pattern='/img/**'] with []
2021-12-31 13:34:21.865  INFO 3524 --- [main] o.s.s.web.DefaultSecurityFilterChain     : Will secure Ant [pattern='/js/**'] with []
2021-12-31 13:34:21.870  INFO 3524 --- [main] o.s.s.web.DefaultSecurityFilterChain     : Will secure Ant [pattern='https://maxcdn.bootstrapcdn.com/'] with []
2021-12-31 13:34:21.900  INFO 3524 --- [main] o.s.s.web.DefaultSecurityFilterChain     : Will secure any request with [org.springframework.security.web.context.request.async.WebAsyncManagerIntegrationFilter@21dd9203, org.springframework.security.web.context.SecurityContextPersistenceFilter@7bd7d71c, org.springframework.security.web.header.HeaderWriterFilter@4ac0d49, org.springframework.security.web.csrf.CsrfFilter@49fb693d, org.springframework.security.web.authentication.logout.LogoutFilter@42e4431, org.springframework.security.web.authentication.UsernamePasswordAuthenticationFilter@1afa048a, org.springframework.security.web.savedrequest.RequestCacheAwareFilter@ce0bbd5, org.springframework.security.web.servletapi.SecurityContextHolderAwareRequestFilter@17e6d07b, org.springframework.security.web.authentication.rememberme.RememberMeAuthenticationFilter@7e43b342, org.springframework.security.web.authentication.AnonymousAuthenticationFilter@dbcf7c3, org.springframework.security.web.session.SessionManagementFilter@7ce4498f, org.springframework.security.web.access.ExceptionTranslationFilter@60fe75f7, org.springframework.security.web.access.intercept.FilterSecurityInterceptor@78829412]
2021-12-31 13:34:22.089  INFO 3524 --- [main] o.s.b.a.w.s.WelcomePageHandlerMapping    : Adding welcome page template: index
2021-12-31 13:34:22.589  INFO 3524 --- [main] o.s.b.w.embedded.tomcat.TomcatWebServer  : Tomcat started on port(s): 8091 (http) with context path ''
2021-12-31 13:34:22.599  INFO 3524 --- [main] com.example.agriweb.AgriwebApplication   : Started AgriwebApplication in 5.244 seconds (JVM running for 8.086)
